# JRE version: OpenJDK Runtime Environment (8.0_242-b01) (build 1.8.0_242-release-1644-b01)
# Java VM: OpenJDK 64-Bit Server VM (25.242-b01 mixed mode windows-amd64 compressed oops)
Heap:
 PSYoungGen      total 650752K, used 323099K [0x00000000d5580000, 0x0000000100000000, 0x0000000100000000)
  eden space 601088K, 53% used [0x00000000d5580000,0x00000000e9106cd8,0x00000000fa080000)
  from space 49664K, 0% used [0x00000000fcf80000,0x00000000fcf80000,0x0000000100000000)
  to   space 48128K, 0% used [0x00000000fa080000,0x00000000fa080000,0x00000000fcf80000)
 ParOldGen       total 195072K, used 100897K [0x0000000080000000, 0x000000008be80000, 0x00000000d5580000)
  object space 195072K, 51% used [0x0000000080000000,0x0000000086288600,0x000000008be80000)
 Metaspace       used 113954K, capacity 119318K, committed 119832K, reserved 1153024K
  class space    used 14784K, capacity 15791K, committed 15912K, reserved 1048576K
GC Heap History (10 events):
Event: 177.385 GC heap before
{Heap before GC invocations=19 (full 4):
 PSYoungGen      total 468480K, used 28550K [0x00000000d5580000, 0x00000000fbd80000, 0x0000000100000000)
  eden space 432128K, 0% used [0x00000000d5580000,0x00000000d5580000,0x00000000efb80000)
  from space 36352K, 78% used [0x00000000efb80000,0x00000000f1761bf8,0x00000000f1f00000)
  to   space 39424K, 0% used [0x00000000f9700000,0x00000000f9700000,0x00000000fbd80000)
 ParOldGen       total 84992K, used 76375K [0x0000000080000000, 0x0000000085300000, 0x00000000d5580000)
  object space 84992K, 89% used [0x0000000080000000,0x0000000084a95e30,0x0000000085300000)
 Metaspace       used 93936K, capacity 98364K, committed 98584K, reserved 1134592K
  class space    used 12230K, capacity 13070K, committed 13096K, reserved 1048576K
Event: 178.189 GC heap after
Heap after GC invocations=19 (full 4):
 PSYoungGen      total 468480K, used 0K [0x00000000d5580000, 0x00000000fbd80000, 0x0000000100000000)
  eden space 432128K, 0% used [0x00000000d5580000,0x00000000d5580000,0x00000000efb80000)
  from space 36352K, 0% used [0x00000000efb80000,0x00000000efb80000,0x00000000f1f00000)
  to   space 39424K, 0% used [0x00000000f9700000,0x00000000f9700000,0x00000000fbd80000)
 ParOldGen       total 155648K, used 80909K [0x0000000080000000, 0x0000000089800000, 0x00000000d5580000)
  object space 155648K, 51% used [0x0000000080000000,0x0000000084f03480,0x0000000089800000)
 Metaspace       used 93734K, capacity 97794K, committed 98584K, reserved 1134592K
  class space    used 12164K, capacity 12953K, committed 13096K, reserved 1048576K
}
Event: 198.073 GC heap before
{Heap before GC invocations=20 (full 4):
 PSYoungGen      total 468480K, used 432128K [0x00000000d5580000, 0x00000000fbd80000, 0x0000000100000000)
  eden space 432128K, 100% used [0x00000000d5580000,0x00000000efb80000,0x00000000efb80000)
  from space 36352K, 0% used [0x00000000efb80000,0x00000000efb80000,0x00000000f1f00000)
  to   space 39424K, 0% used [0x00000000f9700000,0x00000000f9700000,0x00000000fbd80000)
 ParOldGen       total 155648K, used 80909K [0x0000000080000000, 0x0000000089800000, 0x00000000d5580000)
  object space 155648K, 51% used [0x0000000080000000,0x0000000084f03480,0x0000000089800000)
 Metaspace       used 98058K, capacity 102420K, committed 102808K, reserved 1138688K
  class space    used 12726K, capacity 13586K, committed 13736K, reserved 1048576K
Event: 198.628 GC heap after
Heap after GC invocations=20 (full 4):
 PSYoungGen      total 592384K, used 7743K [0x00000000d5580000, 0x00000000fd680000, 0x0000000100000000)
  eden space 552960K, 0% used [0x00000000d5580000,0x00000000d5580000,0x00000000f7180000)
  from space 39424K, 19% used [0x00000000f9700000,0x00000000f9e8ff48,0x00000000fbd80000)
  to   space 38400K, 0% used [0x00000000f7180000,0x00000000f7180000,0x00000000f9700000)
 ParOldGen       total 155648K, used 80917K [0x0000000080000000, 0x0000000089800000, 0x00000000d5580000)
  object space 155648K, 51% used [0x0000000080000000,0x0000000084f05480,0x0000000089800000)
 Metaspace       used 98058K, capacity 102420K, committed 102808K, reserved 1138688K
  class space    used 12726K, capacity 13586K, committed 13736K, reserved 1048576K
}
Event: 221.723 GC heap before
{Heap before GC invocations=21 (full 4):
 PSYoungGen      total 592384K, used 560703K [0x00000000d5580000, 0x00000000fd680000, 0x0000000100000000)
  eden space 552960K, 100% used [0x00000000d5580000,0x00000000f7180000,0x00000000f7180000)
  from space 39424K, 19% used [0x00000000f9700000,0x00000000f9e8ff48,0x00000000fbd80000)
  to   space 38400K, 0% used [0x00000000f7180000,0x00000000f7180000,0x00000000f9700000)
 ParOldGen       total 155648K, used 80917K [0x0000000080000000, 0x0000000089800000, 0x00000000d5580000)
  object space 155648K, 51% used [0x0000000080000000,0x0000000084f05480,0x0000000089800000)
 Metaspace       used 112976K, capacity 118450K, committed 118680K, reserved 1153024K
  class space    used 14726K, capacity 15741K, committed 15784K, reserved 1048576K
Event: 223.452 GC heap after
Heap after GC invocations=21 (full 4):
 PSYoungGen      total 591360K, used 38388K [0x00000000d5580000, 0x0000000100000000, 0x0000000100000000)
  eden space 552960K, 0% used [0x00000000d5580000,0x00000000d5580000,0x00000000f7180000)
  from space 38400K, 99% used [0x00000000f7180000,0x00000000f96fd2d8,0x00000000f9700000)
  to   space 49664K, 0% used [0x00000000fcf80000,0x00000000fcf80000,0x0000000100000000)
 ParOldGen       total 155648K, used 95039K [0x0000000080000000, 0x0000000089800000, 0x00000000d5580000)
  object space 155648K, 61% used [0x0000000080000000,0x0000000085ccff28,0x0000000089800000)
 Metaspace       used 112976K, capacity 118450K, committed 118680K, reserved 1153024K
  class space    used 14726K, capacity 15741K, committed 15784K, reserved 1048576K
}
Event: 231.605 GC heap before
{Heap before GC invocations=22 (full 4):
 PSYoungGen      total 591360K, used 591348K [0x00000000d5580000, 0x0000000100000000, 0x0000000100000000)
  eden space 552960K, 100% used [0x00000000d5580000,0x00000000f7180000,0x00000000f7180000)
  from space 38400K, 99% used [0x00000000f7180000,0x00000000f96fd2d8,0x00000000f9700000)
  to   space 49664K, 0% used [0x00000000fcf80000,0x00000000fcf80000,0x0000000100000000)
 ParOldGen       total 155648K, used 95039K [0x0000000080000000, 0x0000000089800000, 0x00000000d5580000)
  object space 155648K, 61% used [0x0000000080000000,0x0000000085ccff28,0x0000000089800000)
 Metaspace       used 114017K, capacity 119604K, committed 119832K, reserved 1153024K
  class space    used 14816K, capacity 15860K, committed 15912K, reserved 1048576K
Event: 233.329 GC heap after
Heap after GC invocations=22 (full 4):
 PSYoungGen      total 650752K, used 10784K [0x00000000d5580000, 0x0000000100000000, 0x0000000100000000)
  eden space 601088K, 0% used [0x00000000d5580000,0x00000000d5580000,0x00000000fa080000)
  from space 49664K, 21% used [0x00000000fcf80000,0x00000000fda08058,0x0000000100000000)
  to   space 48128K, 0% used [0x00000000fa080000,0x00000000fa080000,0x00000000fcf80000)
 ParOldGen       total 155648K, used 128959K [0x0000000080000000, 0x0000000089800000, 0x00000000d5580000)
  object space 155648K, 82% used [0x0000000080000000,0x0000000087defdc8,0x0000000089800000)
 Metaspace       used 114017K, capacity 119604K, committed 119832K, reserved 1153024K
  class space    used 14816K, capacity 15860K, committed 15912K, reserved 1048576K
}
Event: 233.330 GC heap before
{Heap before GC invocations=23 (full 5):
 PSYoungGen      total 650752K, used 10784K [0x00000000d5580000, 0x0000000100000000, 0x0000000100000000)
  eden space 601088K, 0% used [0x00000000d5580000,0x00000000d5580000,0x00000000fa080000)
  from space 49664K, 21% used [0x00000000fcf80000,0x00000000fda08058,0x0000000100000000)
  to   space 48128K, 0% used [0x00000000fa080000,0x00000000fa080000,0x00000000fcf80000)
 ParOldGen       total 155648K, used 128959K [0x0000000080000000, 0x0000000089800000, 0x00000000d5580000)
  object space 155648K, 82% used [0x0000000080000000,0x0000000087defdc8,0x0000000089800000)
 Metaspace       used 114017K, capacity 119604K, committed 119832K, reserved 1153024K
  class space    used 14816K, capacity 15860K, committed 15912K, reserved 1048576K
Event: 240.172 GC heap after
Heap after GC invocations=23 (full 5):
 PSYoungGen      total 650752K, used 0K [0x00000000d5580000, 0x0000000100000000, 0x0000000100000000)
  eden space 601088K, 0% used [0x00000000d5580000,0x00000000d5580000,0x00000000fa080000)
  from space 49664K, 0% used [0x00000000fcf80000,0x00000000fcf80000,0x0000000100000000)
  to   space 48128K, 0% used [0x00000000fa080000,0x00000000fa080000,0x00000000fcf80000)
 ParOldGen       total 195072K, used 100897K [0x0000000080000000, 0x000000008be80000, 0x00000000d5580000)
  object space 195072K, 51% used [0x0000000080000000,0x0000000086288600,0x000000008be80000)
 Metaspace       used 113891K, capacity 119276K, committed 119832K, reserved 1153024K
  class space    used 14772K, capacity 15784K, committed 15912K, reserved 1048576K
}

